<?xml version="1.0" encoding="UTF-8"?>
<!-- Generated by org.testng.reporters.JUnitXMLReporter -->
<testsuite ignored="0" hostname="LAPTOP-GC5F1P8G" failures="0" tests="6" name="Test" time="0.132" errors="0" timestamp="2022-08-18T12:12:09 IST">
  <testcase classname="com.TestLayer.PIMPageTest" name="@BeforeClass setup" time="0.051">
    <failure type="java.lang.IllegalStateException" message="The driver executable must exist: C:\Users\Rahul\eclipse-workspace\OrangeHRMTestNGC:\Users\Rahul\Downloads\chromedriver_win32\chromedriver.exe">
      <![CDATA[java.lang.IllegalStateException: The driver executable must exist: C:\Users\Rahul\eclipse-workspace\OrangeHRMTestNGC:\Users\Rahul\Downloads\chromedriver_win32\chromedriver.exe
at org.openqa.selenium.internal.Require$FileStateChecker.isFile(Require.java:342)
at org.openqa.selenium.remote.service.DriverService.checkExecutable(DriverService.java:147)
at org.openqa.selenium.remote.service.DriverService.findExecutable(DriverService.java:142)
at org.openqa.selenium.chrome.ChromeDriverService.access$000(ChromeDriverService.java:38)
at org.openqa.selenium.chrome.ChromeDriverService$Builder.findDefaultExecutable(ChromeDriverService.java:231)
at org.openqa.selenium.remote.service.DriverService$Builder.build(DriverService.java:437)
at org.openqa.selenium.chrome.ChromeDriverService.createDefaultService(ChromeDriverService.java:127)
at org.openqa.selenium.chrome.ChromeDriver.<init>(ChromeDriver.java:48)
at com.BaseLayer.BaseClass.intialization(BaseClass.java:32)
at com.TestLayer.PIMPageTest.setup(PIMPageTest.java:17)
at java.base/java.util.ArrayList.forEach(ArrayList.java:1511)
... Removed 25 stack frames]]>
    </failure>
  </testcase> <!-- @BeforeClass setup -->
  <testcase classname="com.TestLayer.LoginPageTest" name="@BeforeClass setup" time="0.003">
    <failure type="java.lang.IllegalStateException" message="The driver executable must exist: C:\Users\Rahul\eclipse-workspace\OrangeHRMTestNGC:\Users\Rahul\Downloads\chromedriver_win32\chromedriver.exe">
      <![CDATA[java.lang.IllegalStateException: The driver executable must exist: C:\Users\Rahul\eclipse-workspace\OrangeHRMTestNGC:\Users\Rahul\Downloads\chromedriver_win32\chromedriver.exe
at org.openqa.selenium.internal.Require$FileStateChecker.isFile(Require.java:342)
at org.openqa.selenium.remote.service.DriverService.checkExecutable(DriverService.java:147)
at org.openqa.selenium.remote.service.DriverService.findExecutable(DriverService.java:142)
at org.openqa.selenium.chrome.ChromeDriverService.access$000(ChromeDriverService.java:38)
at org.openqa.selenium.chrome.ChromeDriverService$Builder.findDefaultExecutable(ChromeDriverService.java:231)
at org.openqa.selenium.remote.service.DriverService$Builder.build(DriverService.java:437)
at org.openqa.selenium.chrome.ChromeDriverService.createDefaultService(ChromeDriverService.java:127)
at org.openqa.selenium.chrome.ChromeDriver.<init>(ChromeDriver.java:48)
at com.BaseLayer.BaseClass.intialization(BaseClass.java:32)
at com.TestLayer.LoginPageTest.setup(LoginPageTest.java:17)
at java.base/java.util.ArrayList.forEach(ArrayList.java:1511)
... Removed 25 stack frames]]>
    </failure>
  </testcase> <!-- @BeforeClass setup -->
  <testcase classname="com.TestLayer.PIMPageTest" name="validateLoginFunctionality" time="0.0">
    <skipped/>
  </testcase> <!-- validateLoginFunctionality -->
  <testcase classname="com.TestLayer.PIMPageTest" name="Login" time="0.0">
    <skipped/>
  </testcase> <!-- Login -->
  <testcase classname="com.TestLayer.PIMPageTest" name="validateTotalEmployeeInPIMPage" time="0.0">
    <skipped/>
  </testcase> <!-- validateTotalEmployeeInPIMPage -->
  <testcase classname="com.TestLayer.LoginPageTest" name="validateLoginFunctionality" time="0.0">
    <skipped/>
  </testcase> <!-- validateLoginFunctionality -->
  <testcase classname="com.TestLayer.LoginPageTest" name="Login" time="0.0">
    <skipped/>
  </testcase> <!-- Login -->
  <testcase classname="com.TestLayer.LoginPageTest" name="validateHomeFunctionality" time="0.0">
    <skipped/>
  </testcase> <!-- validateHomeFunctionality -->
</testsuite> <!-- Test -->
